<?xml version="1.0" encoding="UTF-8"?>
<!-- Generated by org.testng.reporters.JUnitReportReporter -->
<testsuite hostname="LAPTOP-G03JAPQR" failures="0" tests="2" name="qaclickacademy.SeleniumTest" time="0.001" errors="0" timestamp="15 Nov 2020 12:47:43 GMT" skipped="0">
  <testcase classname="qaclickacademy.SeleniumTest" name="browserSelenium" time="0.001"/>
  <testcase classname="qaclickacademy.SeleniumTest" name="elementUISelenium" time="0.000"/>
</testsuite> <!-- qaclickacademy.SeleniumTest -->
