<?xml version="1.0" encoding="UTF-8"?>
<!-- Generated by org.testng.reporters.JUnitReportReporter -->
<testsuite hostname="LAPTOP-G03JAPQR" failures="0" tests="2" name="qaclickacademy.AppiumTest" time="0.007" errors="0" timestamp="15 Nov 2020 12:47:43 GMT" skipped="0">
  <testcase classname="qaclickacademy.AppiumTest" name="elementUIAppium" time="0.000"/>
  <testcase classname="qaclickacademy.AppiumTest" name="browserAppium" time="0.007"/>
</testsuite> <!-- qaclickacademy.AppiumTest -->
